\BOOKMARK [0][-]{chapter*.4}{\376\377\000L\001\063\000s\000t\000\040\000v\000a\000n\000\040\000f\000i\000g\000u\000r\000e\000n}{}% 1
\BOOKMARK [0][-]{chapter.1}{\376\377\000I\000n\000l\000e\000i\000d\000i\000n\000g}{}% 2
\BOOKMARK [1][-]{section.1.1}{\376\377\000P\000r\000o\000b\000l\000e\000e\000m\000s\000t\000e\000l\000l\000i\000n\000g}{chapter.1}% 3
\BOOKMARK [1][-]{section.1.2}{\376\377\000O\000n\000d\000e\000r\000z\000o\000e\000k\000s\000v\000r\000a\000a\000g}{chapter.1}% 4
\BOOKMARK [1][-]{section.1.3}{\376\377\000O\000n\000d\000e\000r\000z\000o\000e\000k\000s\000d\000o\000e\000l\000s\000t\000e\000l\000l\000i\000n\000g}{chapter.1}% 5
\BOOKMARK [1][-]{section.1.4}{\376\377\000O\000p\000z\000e\000t\000\040\000v\000a\000n\000\040\000d\000e\000z\000e\000\040\000b\000a\000c\000h\000e\000l\000o\000r\000p\000r\000o\000e\000f}{chapter.1}% 6
\BOOKMARK [0][-]{chapter.2}{\376\377\000S\000t\000a\000n\000d\000\040\000v\000a\000n\000\040\000z\000a\000k\000e\000n}{}% 7
\BOOKMARK [1][-]{section.2.1}{\376\377\000A\000r\000t\000i\000f\000i\000c\000i\000\353\000l\000e\000\040\000i\000n\000t\000e\000l\000l\000i\000g\000e\000n\000t\000i\000e\000\040\000\050\000A\000I\000\051}{chapter.2}% 8
\BOOKMARK [2][-]{subsection.2.1.1}{\376\377\000G\000e\000s\000c\000h\000i\000e\000d\000e\000n\000i\000s}{section.2.1}% 9
\BOOKMARK [1][-]{section.2.2}{\376\377\000N\000a\000t\000u\000r\000a\000l\000\040\000L\000a\000n\000g\000u\000a\000g\000e\000\040\000P\000r\000o\000c\000e\000s\000s\000i\000n\000g\000\040\000\050\000N\000L\000P\000\051}{chapter.2}% 10
\BOOKMARK [2][-]{subsection.2.2.1}{\376\377\000N\000a\000t\000u\000r\000a\000l\000\040\000L\000a\000n\000g\000u\000a\000g\000e\000\040\000U\000n\000d\000e\000r\000s\000t\000a\000n\000d\000i\000n\000g\000\040\000\050\000N\000L\000U\000\051}{section.2.2}% 11
\BOOKMARK [2][-]{subsection.2.2.2}{\376\377\000N\000a\000t\000u\000r\000a\000l\000\040\000L\000a\000n\000g\000u\000a\000g\000e\000\040\000G\000e\000n\000e\000r\000a\000t\000i\000o\000n\000\040\000\050\000N\000L\000G\000\051}{section.2.2}% 12
\BOOKMARK [1][-]{section.2.3}{\376\377\000T\000r\000a\000n\000s\000f\000o\000r\000m\000e\000r\000s}{chapter.2}% 13
\BOOKMARK [2][-]{subsection.2.3.1}{\376\377\000E\000m\000b\000e\000d\000d\000i\000n\000g\000s}{section.2.3}% 14
\BOOKMARK [2][-]{subsection.2.3.2}{\376\377\000Z\000e\000l\000f\000a\000a\000n\000d\000a\000c\000h\000t\000s\000m\000e\000c\000h\000a\000n\000i\000s\000m\000e}{section.2.3}% 15
\BOOKMARK [2][-]{subsection.2.3.3}{\376\377\000E\000n\000c\000o\000d\000e\000r}{section.2.3}% 16
\BOOKMARK [2][-]{subsection.2.3.4}{\376\377\000D\000e\000c\000o\000d\000e\000r}{section.2.3}% 17
\BOOKMARK [2][-]{subsection.2.3.5}{\376\377\000A\000r\000c\000h\000i\000t\000e\000c\000t\000u\000u\000r}{section.2.3}% 18
\BOOKMARK [1][-]{section.2.4}{\376\377\000L\000a\000r\000g\000e\000\040\000L\000a\000n\000g\000u\000a\000g\000e\000\040\000M\000o\000d\000e\000l\000s\000\040\000\050\000L\000L\000M\000s\000\051}{chapter.2}% 19
\BOOKMARK [2][-]{subsection.2.4.1}{\376\377\000G\000P\000T}{section.2.4}% 20
\BOOKMARK [1][-]{section.2.5}{\376\377\000C\000h\000a\000t\000b\000o\000t\000s}{chapter.2}% 21
\BOOKMARK [1][-]{section.2.6}{\376\377\000H\000y\000b\000r\000i\000d\000e\000\040\000c\000h\000a\000t\000b\000o\000t}{chapter.2}% 22
\BOOKMARK [1][-]{section.2.7}{\376\377\000S\000e\000m\000a\000n\000t\000i\000c\000\040\000K\000e\000r\000n\000e\000l}{chapter.2}% 23
\BOOKMARK [2][-]{subsection.2.7.1}{\376\377\000P\000l\000a\000n\000n\000e\000r}{section.2.7}% 24
\BOOKMARK [2][-]{subsection.2.7.2}{\376\377\000S\000e\000m\000a\000n\000t\000i\000s\000c\000h\000e\000\040\000f\000u\000n\000c\000t\000i\000e\000s}{section.2.7}% 25
\BOOKMARK [2][-]{subsection.2.7.3}{\376\377\000M\000e\000m\000o\000r\000y}{section.2.7}% 26
\BOOKMARK [0][-]{chapter.3}{\376\377\000M\000e\000t\000h\000o\000d\000o\000l\000o\000g\000i\000e}{}% 27
\BOOKMARK [0][-]{chapter.4}{\376\377\000C\000o\000n\000c\000l\000u\000s\000i\000e}{}% 28
\BOOKMARK [0][-]{appendix.A}{\376\377\000O\000n\000d\000e\000r\000z\000o\000e\000k\000s\000v\000o\000o\000r\000s\000t\000e\000l}{}% 29
\BOOKMARK [1][-]{section.A.1}{\376\377\000S\000a\000m\000e\000n\000v\000a\000t\000t\000i\000n\000g}{appendix.A}% 30
\BOOKMARK [1][-]{section.A.2}{\376\377\000I\000n\000t\000r\000o\000d\000u\000c\000t\000i\000e}{appendix.A}% 31
\BOOKMARK [1][-]{section.A.3}{\376\377\000D\000o\000e\000l\000s\000t\000e\000l\000l\000i\000n\000g\000e\000n}{appendix.A}% 32
\BOOKMARK [1][-]{section.A.4}{\376\377\000S\000t\000a\000n\000d\000\040\000v\000a\000n\000\040\000z\000a\000k\000e\000n}{appendix.A}% 33
\BOOKMARK [1][-]{section.A.5}{\376\377\000M\000e\000t\000h\000o\000d\000o\000l\000o\000g\000i\000e}{appendix.A}% 34
\BOOKMARK [1][-]{section.A.6}{\376\377\000V\000e\000r\000w\000a\000c\000h\000t\000e\000\040\000r\000e\000s\000u\000l\000t\000a\000t\000e\000n}{appendix.A}% 35
\BOOKMARK [1][-]{section.A.7}{\376\377\000R\000e\000f\000e\000r\000e\000n\000t\000i\000e\000s}{appendix.A}% 36
\BOOKMARK [0][-]{appendix*.11}{\376\377\000B\000i\000b\000l\000i\000o\000g\000r\000a\000f\000i\000e}{}% 37
